
> @gostudiom/analytics@0.1.0 build
> next build

   ▲ Next.js 15.3.3

   Creating an optimized production build ...
 ✓ Compiled successfully in 1000ms
   Linting and checking validity of types ...
 ⨯ ESLint must be installed in order to run during builds: npm install --save-dev eslint
   Collecting page data ...
   Generating static pages (0/4) ...
   Generating static pages (1/4) 
   Generating static pages (2/4) 
   Generating static pages (3/4) 
 ✓ Generating static pages (4/4)
   Finalizing page optimization ...
   Collecting build traces ...

Route (app)                                 Size  First Load JS
┌ ○ /                                      136 B         102 kB
└ ○ /_not-found                            976 B         102 kB
+ First Load JS shared by all             101 kB
  ├ chunks/315-aa85cd613c042fcc.js       46.3 kB
  ├ chunks/87c73c54-c06bf96ac97e82fd.js  53.2 kB
  └ other shared chunks (total)          1.89 kB


○  (Static)  prerendered as static content

